{
  "C:/Frontend/REACT-2025Q1/react-2025q1/src/App.tsx": {
    "path": "C:/Frontend/REACT-2025Q1/react-2025q1/src/App.tsx",
    "statementMap": {
      "0": {
        "start": { "line": 7, "column": 15 },
        "end": { "line": 28, "column": null }
      },
      "1": {
        "start": { "line": 30, "column": 12 },
        "end": { "line": 32, "column": null }
      },
      "2": {
        "start": { "line": 31, "column": 2 },
        "end": { "line": 31, "column": null }
      }
    },
    "fnMap": {
      "0": {
        "name": "(anonymous_0)",
        "decl": {
          "start": { "line": 30, "column": 12 },
          "end": { "line": 30, "column": 31 }
        },
        "loc": {
          "start": { "line": 30, "column": 31 },
          "end": { "line": 32, "column": null }
        }
      }
    },
    "branchMap": {},
    "s": { "0": 0, "1": 0, "2": 0 },
    "f": { "0": 0 },
    "b": {}
  },
  "C:/Frontend/REACT-2025Q1/react-2025q1/src/main.tsx": {
    "path": "C:/Frontend/REACT-2025Q1/react-2025q1/src/main.tsx",
    "statementMap": {
      "0": {
        "start": { "line": 7, "column": 21 },
        "end": { "line": 7, "column": null }
      },
      "1": {
        "start": { "line": 8, "column": 13 },
        "end": { "line": 8, "column": null }
      },
      "2": {
        "start": { "line": 9, "column": 0 },
        "end": { "line": 15, "column": null }
      }
    },
    "fnMap": {},
    "branchMap": {},
    "s": { "0": 0, "1": 0, "2": 0 },
    "f": {},
    "b": {}
  },
  "C:/Frontend/REACT-2025Q1/react-2025q1/src/components/Button/Button.tsx": {
    "path": "C:/Frontend/REACT-2025Q1/react-2025q1/src/components/Button/Button.tsx",
    "statementMap": {
      "0": {
        "start": { "line": 4, "column": 15 },
        "end": { "line": 10, "column": null }
      },
      "1": {
        "start": { "line": 5, "column": 2 },
        "end": { "line": 8, "column": null }
      }
    },
    "fnMap": {
      "0": {
        "name": "(anonymous_0)",
        "decl": {
          "start": { "line": 4, "column": 15 },
          "end": { "line": 4, "column": 16 }
        },
        "loc": {
          "start": { "line": 4, "column": 69 },
          "end": { "line": 10, "column": null }
        }
      }
    },
    "branchMap": {},
    "s": { "0": 1, "1": 2 },
    "f": { "0": 2 },
    "b": {}
  },
  "C:/Frontend/REACT-2025Q1/react-2025q1/src/components/Button/ErrorButton.tsx": {
    "path": "C:/Frontend/REACT-2025Q1/react-2025q1/src/components/Button/ErrorButton.tsx",
    "statementMap": {
      "0": {
        "start": { "line": 5, "column": 20 },
        "end": { "line": 17, "column": null }
      },
      "1": {
        "start": { "line": 6, "column": 28 },
        "end": { "line": 6, "column": null }
      },
      "2": {
        "start": { "line": 8, "column": 29 },
        "end": { "line": 10, "column": null }
      },
      "3": {
        "start": { "line": 9, "column": 4 },
        "end": { "line": 9, "column": null }
      },
      "4": {
        "start": { "line": 12, "column": 2 },
        "end": { "line": 14, "column": null }
      },
      "5": {
        "start": { "line": 13, "column": 4 },
        "end": { "line": 13, "column": null }
      },
      "6": {
        "start": { "line": 16, "column": 2 },
        "end": { "line": 16, "column": null }
      }
    },
    "fnMap": {
      "0": {
        "name": "(anonymous_0)",
        "decl": {
          "start": { "line": 5, "column": 20 },
          "end": { "line": 5, "column": 21 }
        },
        "loc": {
          "start": { "line": 5, "column": 51 },
          "end": { "line": 17, "column": null }
        }
      },
      "1": {
        "name": "(anonymous_1)",
        "decl": {
          "start": { "line": 8, "column": 29 },
          "end": { "line": 8, "column": 35 }
        },
        "loc": {
          "start": { "line": 8, "column": 35 },
          "end": { "line": 10, "column": null }
        }
      }
    },
    "branchMap": {
      "0": {
        "loc": {
          "start": { "line": 12, "column": 2 },
          "end": { "line": 14, "column": null }
        },
        "type": "if",
        "locations": [
          {
            "start": { "line": 12, "column": 2 },
            "end": { "line": 14, "column": null }
          },
          { "start": {}, "end": {} }
        ]
      }
    },
    "s": { "0": 0, "1": 0, "2": 0, "3": 0, "4": 0, "5": 0, "6": 0 },
    "f": { "0": 0, "1": 0 },
    "b": { "0": [0, 0] }
  },
  "C:/Frontend/REACT-2025Q1/react-2025q1/src/components/ErrorBlock/ErrorBlock.tsx": {
    "path": "C:/Frontend/REACT-2025Q1/react-2025q1/src/components/ErrorBlock/ErrorBlock.tsx",
    "statementMap": {
      "0": {
        "start": { "line": 4, "column": 19 },
        "end": { "line": 13, "column": null }
      },
      "1": {
        "start": { "line": 5, "column": 2 },
        "end": { "line": 11, "column": null }
      }
    },
    "fnMap": {
      "0": {
        "name": "(anonymous_0)",
        "decl": {
          "start": { "line": 4, "column": 19 },
          "end": { "line": 4, "column": 38 }
        },
        "loc": {
          "start": { "line": 4, "column": 38 },
          "end": { "line": 13, "column": null }
        }
      }
    },
    "branchMap": {},
    "s": { "0": 0, "1": 0 },
    "f": { "0": 0 },
    "b": {}
  },
  "C:/Frontend/REACT-2025Q1/react-2025q1/src/components/ErrorBoundary/ErrorBoundary.tsx": {
    "path": "C:/Frontend/REACT-2025Q1/react-2025q1/src/components/ErrorBoundary/ErrorBoundary.tsx",
    "statementMap": {
      "0": {
        "start": { "line": 8, "column": 4 },
        "end": { "line": 8, "column": null }
      },
      "1": {
        "start": { "line": 9, "column": 4 },
        "end": { "line": 9, "column": null }
      },
      "2": {
        "start": { "line": 13, "column": 4 },
        "end": { "line": 13, "column": null }
      },
      "3": {
        "start": { "line": 17, "column": 4 },
        "end": { "line": 17, "column": null }
      },
      "4": {
        "start": { "line": 18, "column": 4 },
        "end": { "line": 18, "column": null }
      },
      "5": {
        "start": { "line": 19, "column": 4 },
        "end": { "line": 19, "column": null }
      },
      "6": {
        "start": { "line": 23, "column": 4 },
        "end": { "line": 25, "column": null }
      },
      "7": {
        "start": { "line": 24, "column": 6 },
        "end": { "line": 24, "column": null }
      },
      "8": {
        "start": { "line": 27, "column": 4 },
        "end": { "line": 27, "column": null }
      }
    },
    "fnMap": {
      "0": {
        "name": "(anonymous_0)",
        "decl": {
          "start": { "line": 7, "column": 2 },
          "end": { "line": 7, "column": 14 }
        },
        "loc": {
          "start": { "line": 7, "column": 41 },
          "end": { "line": 10, "column": null }
        }
      },
      "1": {
        "name": "(anonymous_1)",
        "decl": {
          "start": { "line": 12, "column": 2 },
          "end": { "line": 12, "column": 9 }
        },
        "loc": {
          "start": { "line": 12, "column": 48 },
          "end": { "line": 14, "column": null }
        }
      },
      "2": {
        "name": "(anonymous_2)",
        "decl": {
          "start": { "line": 16, "column": 2 },
          "end": { "line": 16, "column": 20 }
        },
        "loc": {
          "start": { "line": 16, "column": 51 },
          "end": { "line": 20, "column": null }
        }
      },
      "3": {
        "name": "(anonymous_3)",
        "decl": {
          "start": { "line": 22, "column": 2 },
          "end": { "line": 22, "column": 11 }
        },
        "loc": {
          "start": { "line": 22, "column": 11 },
          "end": { "line": 28, "column": null }
        }
      }
    },
    "branchMap": {
      "0": {
        "loc": {
          "start": { "line": 23, "column": 4 },
          "end": { "line": 25, "column": null }
        },
        "type": "if",
        "locations": [
          {
            "start": { "line": 23, "column": 4 },
            "end": { "line": 25, "column": null }
          },
          { "start": {}, "end": {} }
        ]
      }
    },
    "s": {
      "0": 0,
      "1": 0,
      "2": 0,
      "3": 0,
      "4": 0,
      "5": 0,
      "6": 0,
      "7": 0,
      "8": 0
    },
    "f": { "0": 0, "1": 0, "2": 0, "3": 0 },
    "b": { "0": [0, 0] }
  },
  "C:/Frontend/REACT-2025Q1/react-2025q1/src/components/Header/Header.tsx": {
    "path": "C:/Frontend/REACT-2025Q1/react-2025q1/src/components/Header/Header.tsx",
    "statementMap": {
      "0": {
        "start": { "line": 5, "column": 15 },
        "end": { "line": 12, "column": null }
      },
      "1": {
        "start": { "line": 6, "column": 2 },
        "end": { "line": 10, "column": null }
      }
    },
    "fnMap": {
      "0": {
        "name": "(anonymous_0)",
        "decl": {
          "start": { "line": 5, "column": 15 },
          "end": { "line": 5, "column": 16 }
        },
        "loc": {
          "start": { "line": 5, "column": 47 },
          "end": { "line": 12, "column": null }
        }
      }
    },
    "branchMap": {},
    "s": { "0": 0, "1": 0 },
    "f": { "0": 0 },
    "b": {}
  },
  "C:/Frontend/REACT-2025Q1/react-2025q1/src/components/Item/Item.tsx": {
    "path": "C:/Frontend/REACT-2025Q1/react-2025q1/src/components/Item/Item.tsx",
    "statementMap": {
      "0": {
        "start": { "line": 7, "column": 13 },
        "end": { "line": 26, "column": null }
      },
      "1": {
        "start": { "line": 8, "column": 21 },
        "end": { "line": 8, "column": null }
      },
      "2": {
        "start": { "line": 9, "column": 19 },
        "end": { "line": 9, "column": null }
      },
      "3": {
        "start": { "line": 11, "column": 2 },
        "end": { "line": 24, "column": null }
      },
      "4": {
        "start": { "line": 15, "column": 10 },
        "end": { "line": 21, "column": null }
      }
    },
    "fnMap": {
      "0": {
        "name": "(anonymous_0)",
        "decl": {
          "start": { "line": 7, "column": 13 },
          "end": { "line": 7, "column": 14 }
        },
        "loc": {
          "start": { "line": 7, "column": 38 },
          "end": { "line": 26, "column": null }
        }
      },
      "1": {
        "name": "(anonymous_1)",
        "decl": {
          "start": { "line": 14, "column": 8 },
          "end": { "line": 14, "column": 9 }
        },
        "loc": {
          "start": { "line": 15, "column": 10 },
          "end": { "line": 21, "column": null }
        }
      }
    },
    "branchMap": {
      "0": {
        "loc": {
          "start": { "line": 15, "column": 10 },
          "end": { "line": 21, "column": null }
        },
        "type": "binary-expr",
        "locations": [
          {
            "start": { "line": 15, "column": 10 },
            "end": { "line": 15, "column": null }
          },
          {
            "start": { "line": 16, "column": 12 },
            "end": { "line": 21, "column": null }
          }
        ]
      }
    },
    "s": { "0": 0, "1": 0, "2": 0, "3": 0, "4": 0 },
    "f": { "0": 0, "1": 0 },
    "b": { "0": [0, 0] }
  },
  "C:/Frontend/REACT-2025Q1/react-2025q1/src/components/ItemsList/ItemsList.tsx": {
    "path": "C:/Frontend/REACT-2025Q1/react-2025q1/src/components/ItemsList/ItemsList.tsx",
    "statementMap": {
      "0": {
        "start": { "line": 6, "column": 18 },
        "end": { "line": 30, "column": null }
      },
      "1": {
        "start": { "line": 7, "column": 24 },
        "end": { "line": 27, "column": null }
      },
      "2": {
        "start": { "line": 8, "column": 4 },
        "end": { "line": 10, "column": null }
      },
      "3": {
        "start": { "line": 9, "column": 6 },
        "end": { "line": 9, "column": null }
      },
      "4": {
        "start": { "line": 12, "column": 4 },
        "end": { "line": 20, "column": null }
      },
      "5": {
        "start": { "line": 13, "column": 6 },
        "end": { "line": 18, "column": null }
      },
      "6": {
        "start": { "line": 16, "column": 12 },
        "end": { "line": 16, "column": null }
      },
      "7": {
        "start": { "line": 22, "column": 4 },
        "end": { "line": 24, "column": null }
      },
      "8": {
        "start": { "line": 23, "column": 6 },
        "end": { "line": 23, "column": null }
      },
      "9": {
        "start": { "line": 26, "column": 4 },
        "end": { "line": 26, "column": null }
      },
      "10": {
        "start": { "line": 29, "column": 2 },
        "end": { "line": 29, "column": null }
      }
    },
    "fnMap": {
      "0": {
        "name": "(anonymous_0)",
        "decl": {
          "start": { "line": 6, "column": 18 },
          "end": { "line": 6, "column": 19 }
        },
        "loc": {
          "start": { "line": 6, "column": 66 },
          "end": { "line": 30, "column": null }
        }
      },
      "1": {
        "name": "(anonymous_1)",
        "decl": {
          "start": { "line": 7, "column": 24 },
          "end": { "line": 7, "column": 30 }
        },
        "loc": {
          "start": { "line": 7, "column": 30 },
          "end": { "line": 27, "column": null }
        }
      },
      "2": {
        "name": "(anonymous_2)",
        "decl": {
          "start": { "line": 15, "column": 21 },
          "end": { "line": 15, "column": 22 }
        },
        "loc": {
          "start": { "line": 16, "column": 12 },
          "end": { "line": 16, "column": null }
        }
      }
    },
    "branchMap": {
      "0": {
        "loc": {
          "start": { "line": 8, "column": 4 },
          "end": { "line": 10, "column": null }
        },
        "type": "if",
        "locations": [
          {
            "start": { "line": 8, "column": 4 },
            "end": { "line": 10, "column": null }
          },
          { "start": {}, "end": {} }
        ]
      },
      "1": {
        "loc": {
          "start": { "line": 12, "column": 4 },
          "end": { "line": 20, "column": null }
        },
        "type": "if",
        "locations": [
          {
            "start": { "line": 12, "column": 4 },
            "end": { "line": 20, "column": null }
          },
          { "start": {}, "end": {} }
        ]
      },
      "2": {
        "loc": {
          "start": { "line": 12, "column": 8 },
          "end": { "line": 12, "column": 35 }
        },
        "type": "binary-expr",
        "locations": [
          {
            "start": { "line": 12, "column": 8 },
            "end": { "line": 12, "column": 17 }
          },
          {
            "start": { "line": 12, "column": 17 },
            "end": { "line": 12, "column": 35 }
          }
        ]
      },
      "3": {
        "loc": {
          "start": { "line": 22, "column": 4 },
          "end": { "line": 24, "column": null }
        },
        "type": "if",
        "locations": [
          {
            "start": { "line": 22, "column": 4 },
            "end": { "line": 24, "column": null }
          },
          { "start": {}, "end": {} }
        ]
      }
    },
    "s": {
      "0": 0,
      "1": 0,
      "2": 0,
      "3": 0,
      "4": 0,
      "5": 0,
      "6": 0,
      "7": 0,
      "8": 0,
      "9": 0,
      "10": 0
    },
    "f": { "0": 0, "1": 0, "2": 0 },
    "b": { "0": [0, 0], "1": [0, 0], "2": [0, 0], "3": [0, 0] }
  },
  "C:/Frontend/REACT-2025Q1/react-2025q1/src/components/Pagination/Pagination.tsx": {
    "path": "C:/Frontend/REACT-2025Q1/react-2025q1/src/components/Pagination/Pagination.tsx",
    "statementMap": {
      "0": {
        "start": { "line": 6, "column": 19 },
        "end": { "line": 35, "column": null }
      },
      "1": {
        "start": { "line": 12, "column": 30 },
        "end": { "line": 16, "column": null }
      },
      "2": {
        "start": { "line": 13, "column": 4 },
        "end": { "line": 15, "column": null }
      },
      "3": {
        "start": { "line": 14, "column": 6 },
        "end": { "line": 14, "column": null }
      },
      "4": {
        "start": { "line": 19, "column": 4 },
        "end": { "line": 21, "column": null }
      },
      "5": {
        "start": { "line": 20, "column": 6 },
        "end": { "line": 20, "column": null }
      },
      "6": {
        "start": { "line": 24, "column": 2 },
        "end": { "line": 33, "column": null }
      }
    },
    "fnMap": {
      "0": {
        "name": "(anonymous_0)",
        "decl": {
          "start": { "line": 6, "column": 19 },
          "end": { "line": 6, "column": 20 }
        },
        "loc": {
          "start": { "line": 11, "column": 36 },
          "end": { "line": 35, "column": null }
        }
      },
      "1": {
        "name": "(anonymous_1)",
        "decl": {
          "start": { "line": 12, "column": 30 },
          "end": { "line": 12, "column": 36 }
        },
        "loc": {
          "start": { "line": 12, "column": 36 },
          "end": { "line": 16, "column": null }
        }
      },
      "2": {
        "name": "handlePageIncrement",
        "decl": {
          "start": { "line": 18, "column": 11 },
          "end": { "line": 18, "column": 33 }
        },
        "loc": {
          "start": { "line": 18, "column": 33 },
          "end": { "line": 22, "column": null }
        }
      }
    },
    "branchMap": {
      "0": {
        "loc": {
          "start": { "line": 13, "column": 4 },
          "end": { "line": 15, "column": null }
        },
        "type": "if",
        "locations": [
          {
            "start": { "line": 13, "column": 4 },
            "end": { "line": 15, "column": null }
          },
          { "start": {}, "end": {} }
        ]
      },
      "1": {
        "loc": {
          "start": { "line": 19, "column": 4 },
          "end": { "line": 21, "column": null }
        },
        "type": "if",
        "locations": [
          {
            "start": { "line": 19, "column": 4 },
            "end": { "line": 21, "column": null }
          },
          { "start": {}, "end": {} }
        ]
      }
    },
    "s": { "0": 0, "1": 0, "2": 0, "3": 0, "4": 0, "5": 0, "6": 0 },
    "f": { "0": 0, "1": 0, "2": 0 },
    "b": { "0": [0, 0], "1": [0, 0] }
  },
  "C:/Frontend/REACT-2025Q1/react-2025q1/src/components/Search/Search.tsx": {
    "path": "C:/Frontend/REACT-2025Q1/react-2025q1/src/components/Search/Search.tsx",
    "statementMap": {
      "0": {
        "start": { "line": 7, "column": 15 },
        "end": { "line": 35, "column": null }
      },
      "1": {
        "start": { "line": 8, "column": 42 },
        "end": { "line": 8, "column": null }
      },
      "2": {
        "start": { "line": 10, "column": 28 },
        "end": { "line": 15, "column": null }
      },
      "3": {
        "start": { "line": 11, "column": 4 },
        "end": { "line": 11, "column": null }
      },
      "4": {
        "start": { "line": 12, "column": 25 },
        "end": { "line": 12, "column": null }
      },
      "5": {
        "start": { "line": 14, "column": 4 },
        "end": { "line": 14, "column": null }
      },
      "6": {
        "start": { "line": 17, "column": 23 },
        "end": { "line": 20, "column": null }
      },
      "7": {
        "start": { "line": 18, "column": 4 },
        "end": { "line": 18, "column": null }
      },
      "8": {
        "start": { "line": 19, "column": 4 },
        "end": { "line": 19, "column": null }
      },
      "9": {
        "start": { "line": 22, "column": 2 },
        "end": { "line": 33, "column": null }
      }
    },
    "fnMap": {
      "0": {
        "name": "(anonymous_0)",
        "decl": {
          "start": { "line": 7, "column": 15 },
          "end": { "line": 7, "column": 16 }
        },
        "loc": {
          "start": { "line": 7, "column": 47 },
          "end": { "line": 35, "column": null }
        }
      },
      "1": {
        "name": "(anonymous_1)",
        "decl": {
          "start": { "line": 10, "column": 28 },
          "end": { "line": 10, "column": 29 }
        },
        "loc": {
          "start": { "line": 10, "column": 70 },
          "end": { "line": 15, "column": null }
        }
      },
      "2": {
        "name": "(anonymous_2)",
        "decl": {
          "start": { "line": 17, "column": 23 },
          "end": { "line": 17, "column": 24 }
        },
        "loc": {
          "start": { "line": 17, "column": 45 },
          "end": { "line": 20, "column": null }
        }
      }
    },
    "branchMap": {},
    "s": {
      "0": 1,
      "1": 2,
      "2": 2,
      "3": 1,
      "4": 1,
      "5": 1,
      "6": 2,
      "7": 1,
      "8": 1,
      "9": 2
    },
    "f": { "0": 2, "1": 1, "2": 1 },
    "b": {}
  },
  "C:/Frontend/REACT-2025Q1/react-2025q1/src/components/UI/CloseButton/CloseButton.tsx": {
    "path": "C:/Frontend/REACT-2025Q1/react-2025q1/src/components/UI/CloseButton/CloseButton.tsx",
    "statementMap": {
      "0": {
        "start": { "line": 4, "column": 20 },
        "end": { "line": 6, "column": null }
      },
      "1": {
        "start": { "line": 5, "column": 2 },
        "end": { "line": 5, "column": null }
      }
    },
    "fnMap": {
      "0": {
        "name": "(anonymous_0)",
        "decl": {
          "start": { "line": 4, "column": 20 },
          "end": { "line": 4, "column": 21 }
        },
        "loc": {
          "start": { "line": 4, "column": 49 },
          "end": { "line": 6, "column": null }
        }
      }
    },
    "branchMap": {},
    "s": { "0": 0, "1": 0 },
    "f": { "0": 0 },
    "b": {}
  },
  "C:/Frontend/REACT-2025Q1/react-2025q1/src/components/UI/Loader/Loader.tsx": {
    "path": "C:/Frontend/REACT-2025Q1/react-2025q1/src/components/UI/Loader/Loader.tsx",
    "statementMap": {
      "0": {
        "start": { "line": 3, "column": 15 },
        "end": { "line": 5, "column": null }
      },
      "1": {
        "start": { "line": 4, "column": 2 },
        "end": { "line": 4, "column": null }
      }
    },
    "fnMap": {
      "0": {
        "name": "(anonymous_0)",
        "decl": {
          "start": { "line": 3, "column": 15 },
          "end": { "line": 3, "column": 21 }
        },
        "loc": {
          "start": { "line": 3, "column": 21 },
          "end": { "line": 5, "column": null }
        }
      }
    },
    "branchMap": {},
    "s": { "0": 0, "1": 0 },
    "f": { "0": 0 },
    "b": {}
  },
  "C:/Frontend/REACT-2025Q1/react-2025q1/src/pages/HomePage/HomePage.tsx": {
    "path": "C:/Frontend/REACT-2025Q1/react-2025q1/src/pages/HomePage/HomePage.tsx",
    "statementMap": {
      "0": {
        "start": { "line": 12, "column": 17 },
        "end": { "line": 91, "column": null }
      },
      "1": {
        "start": { "line": 13, "column": 42 },
        "end": { "line": 13, "column": null }
      },
      "2": {
        "start": { "line": 14, "column": 32 },
        "end": { "line": 21, "column": null }
      },
      "3": {
        "start": { "line": 22, "column": 26 },
        "end": { "line": 22, "column": null }
      },
      "4": {
        "start": { "line": 23, "column": 19 },
        "end": { "line": 23, "column": null }
      },
      "5": {
        "start": { "line": 25, "column": 2 },
        "end": { "line": 60, "column": null }
      },
      "6": {
        "start": { "line": 26, "column": 22 },
        "end": { "line": 58, "column": null }
      },
      "7": {
        "start": { "line": 27, "column": 6 },
        "end": { "line": 32, "column": null }
      },
      "8": {
        "start": { "line": 28, "column": 8 },
        "end": { "line": 31, "column": null }
      },
      "9": {
        "start": { "line": 33, "column": 6 },
        "end": { "line": 56, "column": null }
      },
      "10": {
        "start": { "line": 34, "column": 23 },
        "end": { "line": 34, "column": 33 }
      },
      "11": {
        "start": { "line": 36, "column": 10 },
        "end": { "line": 45, "column": null }
      },
      "12": {
        "start": { "line": 37, "column": 12 },
        "end": { "line": 44, "column": null }
      },
      "13": {
        "start": { "line": 46, "column": 10 },
        "end": { "line": 46, "column": null }
      },
      "14": {
        "start": { "line": 49, "column": 10 },
        "end": { "line": 55, "column": null }
      },
      "15": {
        "start": { "line": 50, "column": 12 },
        "end": { "line": 54, "column": null }
      },
      "16": {
        "start": { "line": 57, "column": 6 },
        "end": { "line": 57, "column": null }
      },
      "17": {
        "start": { "line": 59, "column": 4 },
        "end": { "line": 59, "column": null }
      },
      "18": {
        "start": { "line": 62, "column": 20 },
        "end": { "line": 65, "column": null }
      },
      "19": {
        "start": { "line": 63, "column": 4 },
        "end": { "line": 63, "column": null }
      },
      "20": {
        "start": { "line": 64, "column": 4 },
        "end": { "line": 64, "column": null }
      },
      "21": {
        "start": { "line": 67, "column": 2 },
        "end": { "line": 89, "column": null }
      }
    },
    "fnMap": {
      "0": {
        "name": "(anonymous_0)",
        "decl": {
          "start": { "line": 12, "column": 17 },
          "end": { "line": 12, "column": 23 }
        },
        "loc": {
          "start": { "line": 12, "column": 23 },
          "end": { "line": 91, "column": null }
        }
      },
      "1": {
        "name": "(anonymous_1)",
        "decl": {
          "start": { "line": 25, "column": 12 },
          "end": { "line": 25, "column": 18 }
        },
        "loc": {
          "start": { "line": 25, "column": 18 },
          "end": { "line": 60, "column": 5 }
        }
      },
      "2": {
        "name": "(anonymous_2)",
        "decl": {
          "start": { "line": 26, "column": 22 },
          "end": { "line": 26, "column": 29 }
        },
        "loc": {
          "start": { "line": 26, "column": 67 },
          "end": { "line": 58, "column": null }
        }
      },
      "3": {
        "name": "(anonymous_3)",
        "decl": {
          "start": { "line": 27, "column": 17 },
          "end": { "line": 27, "column": 18 }
        },
        "loc": {
          "start": { "line": 27, "column": 34 },
          "end": { "line": 32, "column": 7 }
        }
      },
      "4": {
        "name": "(anonymous_4)",
        "decl": {
          "start": { "line": 34, "column": 14 },
          "end": { "line": 34, "column": 15 }
        },
        "loc": {
          "start": { "line": 34, "column": 23 },
          "end": { "line": 34, "column": 33 }
        }
      },
      "5": {
        "name": "(anonymous_5)",
        "decl": {
          "start": { "line": 35, "column": 14 },
          "end": { "line": 35, "column": 15 }
        },
        "loc": {
          "start": { "line": 35, "column": 24 },
          "end": { "line": 47, "column": 9 }
        }
      },
      "6": {
        "name": "(anonymous_6)",
        "decl": {
          "start": { "line": 36, "column": 21 },
          "end": { "line": 36, "column": 22 }
        },
        "loc": {
          "start": { "line": 36, "column": 38 },
          "end": { "line": 45, "column": 11 }
        }
      },
      "7": {
        "name": "(anonymous_7)",
        "decl": {
          "start": { "line": 48, "column": 15 },
          "end": { "line": 48, "column": 16 }
        },
        "loc": {
          "start": { "line": 48, "column": 26 },
          "end": { "line": 56, "column": 9 }
        }
      },
      "8": {
        "name": "(anonymous_8)",
        "decl": {
          "start": { "line": 49, "column": 21 },
          "end": { "line": 49, "column": 22 }
        },
        "loc": {
          "start": { "line": 49, "column": 38 },
          "end": { "line": 55, "column": 11 }
        }
      },
      "9": {
        "name": "(anonymous_9)",
        "decl": {
          "start": { "line": 62, "column": 20 },
          "end": { "line": 62, "column": 21 }
        },
        "loc": {
          "start": { "line": 62, "column": 42 },
          "end": { "line": 65, "column": null }
        }
      }
    },
    "branchMap": {
      "0": {
        "loc": {
          "start": { "line": 78, "column": 11 },
          "end": { "line": 84, "column": null }
        },
        "type": "binary-expr",
        "locations": [
          {
            "start": { "line": 78, "column": 11 },
            "end": { "line": 78, "column": 33 }
          },
          {
            "start": { "line": 78, "column": 33 },
            "end": { "line": 78, "column": null }
          },
          {
            "start": { "line": 79, "column": 12 },
            "end": { "line": 84, "column": null }
          }
        ]
      }
    },
    "s": {
      "0": 0,
      "1": 0,
      "2": 0,
      "3": 0,
      "4": 0,
      "5": 0,
      "6": 0,
      "7": 0,
      "8": 0,
      "9": 0,
      "10": 0,
      "11": 0,
      "12": 0,
      "13": 0,
      "14": 0,
      "15": 0,
      "16": 0,
      "17": 0,
      "18": 0,
      "19": 0,
      "20": 0,
      "21": 0
    },
    "f": {
      "0": 0,
      "1": 0,
      "2": 0,
      "3": 0,
      "4": 0,
      "5": 0,
      "6": 0,
      "7": 0,
      "8": 0,
      "9": 0
    },
    "b": { "0": [0, 0, 0] }
  },
  "C:/Frontend/REACT-2025Q1/react-2025q1/src/pages/ItemPage/ItemPage.tsx": {
    "path": "C:/Frontend/REACT-2025Q1/react-2025q1/src/pages/ItemPage/ItemPage.tsx",
    "statementMap": {
      "0": {
        "start": { "line": 10, "column": 17 },
        "end": { "line": 81, "column": null }
      },
      "1": {
        "start": { "line": 11, "column": 42 },
        "end": { "line": 11, "column": null }
      },
      "2": {
        "start": { "line": 12, "column": 36 },
        "end": { "line": 12, "column": null }
      },
      "3": {
        "start": { "line": 13, "column": 32 },
        "end": { "line": 13, "column": null }
      },
      "4": {
        "start": { "line": 14, "column": 19 },
        "end": { "line": 14, "column": null }
      },
      "5": {
        "start": { "line": 15, "column": 19 },
        "end": { "line": 15, "column": null }
      },
      "6": {
        "start": { "line": 17, "column": 17 },
        "end": { "line": 17, "column": null }
      },
      "7": {
        "start": { "line": 17, "column": 23 },
        "end": { "line": 17, "column": null }
      },
      "8": {
        "start": { "line": 18, "column": 13 },
        "end": { "line": 18, "column": null }
      },
      "9": {
        "start": { "line": 20, "column": 2 },
        "end": { "line": 33, "column": null }
      },
      "10": {
        "start": { "line": 21, "column": 4 },
        "end": { "line": 21, "column": null }
      },
      "11": {
        "start": { "line": 23, "column": 4 },
        "end": { "line": 32, "column": null }
      },
      "12": {
        "start": { "line": 24, "column": 21 },
        "end": { "line": 24, "column": 31 }
      },
      "13": {
        "start": { "line": 26, "column": 8 },
        "end": { "line": 26, "column": null }
      },
      "14": {
        "start": { "line": 27, "column": 8 },
        "end": { "line": 27, "column": null }
      },
      "15": {
        "start": { "line": 28, "column": 8 },
        "end": { "line": 28, "column": null }
      },
      "16": {
        "start": { "line": 31, "column": 8 },
        "end": { "line": 31, "column": null }
      },
      "17": {
        "start": { "line": 35, "column": 24 },
        "end": { "line": 70, "column": null }
      },
      "18": {
        "start": { "line": 36, "column": 4 },
        "end": { "line": 42, "column": null }
      },
      "19": {
        "start": { "line": 37, "column": 6 },
        "end": { "line": 40, "column": null }
      },
      "20": {
        "start": { "line": 44, "column": 4 },
        "end": { "line": 50, "column": null }
      },
      "21": {
        "start": { "line": 45, "column": 6 },
        "end": { "line": 48, "column": null }
      },
      "22": {
        "start": { "line": 52, "column": 4 },
        "end": { "line": 68, "column": null }
      },
      "23": {
        "start": { "line": 58, "column": 16 },
        "end": { "line": 64, "column": null }
      },
      "24": {
        "start": { "line": 72, "column": 2 },
        "end": { "line": 79, "column": null }
      }
    },
    "fnMap": {
      "0": {
        "name": "(anonymous_0)",
        "decl": {
          "start": { "line": 10, "column": 17 },
          "end": { "line": 10, "column": 36 }
        },
        "loc": {
          "start": { "line": 10, "column": 36 },
          "end": { "line": 81, "column": null }
        }
      },
      "1": {
        "name": "(anonymous_1)",
        "decl": {
          "start": { "line": 17, "column": 17 },
          "end": { "line": 17, "column": 23 }
        },
        "loc": {
          "start": { "line": 17, "column": 23 },
          "end": { "line": 17, "column": null }
        }
      },
      "2": {
        "name": "(anonymous_2)",
        "decl": {
          "start": { "line": 20, "column": 12 },
          "end": { "line": 20, "column": 18 }
        },
        "loc": {
          "start": { "line": 20, "column": 18 },
          "end": { "line": 33, "column": 5 }
        }
      },
      "3": {
        "name": "(anonymous_3)",
        "decl": {
          "start": { "line": 24, "column": 12 },
          "end": { "line": 24, "column": 13 }
        },
        "loc": {
          "start": { "line": 24, "column": 21 },
          "end": { "line": 24, "column": 31 }
        }
      },
      "4": {
        "name": "(anonymous_4)",
        "decl": {
          "start": { "line": 25, "column": 12 },
          "end": { "line": 25, "column": 13 }
        },
        "loc": {
          "start": { "line": 25, "column": 22 },
          "end": { "line": 29, "column": 7 }
        }
      },
      "5": {
        "name": "(anonymous_5)",
        "decl": {
          "start": { "line": 30, "column": 13 },
          "end": { "line": 30, "column": 14 }
        },
        "loc": {
          "start": { "line": 30, "column": 24 },
          "end": { "line": 32, "column": 7 }
        }
      },
      "6": {
        "name": "(anonymous_6)",
        "decl": {
          "start": { "line": 35, "column": 24 },
          "end": { "line": 35, "column": 30 }
        },
        "loc": {
          "start": { "line": 35, "column": 30 },
          "end": { "line": 70, "column": null }
        }
      },
      "7": {
        "name": "(anonymous_7)",
        "decl": {
          "start": { "line": 57, "column": 14 },
          "end": { "line": 57, "column": 15 }
        },
        "loc": {
          "start": { "line": 58, "column": 16 },
          "end": { "line": 64, "column": null }
        }
      }
    },
    "branchMap": {
      "0": {
        "loc": {
          "start": { "line": 36, "column": 4 },
          "end": { "line": 42, "column": null }
        },
        "type": "if",
        "locations": [
          {
            "start": { "line": 36, "column": 4 },
            "end": { "line": 42, "column": null }
          },
          { "start": {}, "end": {} }
        ]
      },
      "1": {
        "loc": {
          "start": { "line": 44, "column": 4 },
          "end": { "line": 50, "column": null }
        },
        "type": "if",
        "locations": [
          {
            "start": { "line": 44, "column": 4 },
            "end": { "line": 50, "column": null }
          },
          { "start": {}, "end": {} }
        ]
      },
      "2": {
        "loc": {
          "start": { "line": 55, "column": 11 },
          "end": { "line": 66, "column": null }
        },
        "type": "binary-expr",
        "locations": [
          {
            "start": { "line": 55, "column": 11 },
            "end": { "line": 55, "column": null }
          },
          {
            "start": { "line": 56, "column": 12 },
            "end": { "line": 66, "column": null }
          }
        ]
      },
      "3": {
        "loc": {
          "start": { "line": 58, "column": 16 },
          "end": { "line": 64, "column": null }
        },
        "type": "binary-expr",
        "locations": [
          {
            "start": { "line": 58, "column": 16 },
            "end": { "line": 58, "column": null }
          },
          {
            "start": { "line": 59, "column": 18 },
            "end": { "line": 64, "column": null }
          }
        ]
      }
    },
    "s": {
      "0": 0,
      "1": 0,
      "2": 0,
      "3": 0,
      "4": 0,
      "5": 0,
      "6": 0,
      "7": 0,
      "8": 0,
      "9": 0,
      "10": 0,
      "11": 0,
      "12": 0,
      "13": 0,
      "14": 0,
      "15": 0,
      "16": 0,
      "17": 0,
      "18": 0,
      "19": 0,
      "20": 0,
      "21": 0,
      "22": 0,
      "23": 0,
      "24": 0
    },
    "f": { "0": 0, "1": 0, "2": 0, "3": 0, "4": 0, "5": 0, "6": 0, "7": 0 },
    "b": { "0": [0, 0], "1": [0, 0], "2": [0, 0], "3": [0, 0] }
  },
  "C:/Frontend/REACT-2025Q1/react-2025q1/src/pages/NotFound/NotFound.tsx": {
    "path": "C:/Frontend/REACT-2025Q1/react-2025q1/src/pages/NotFound/NotFound.tsx",
    "statementMap": {
      "0": {
        "start": { "line": 3, "column": 17 },
        "end": { "line": 10, "column": null }
      },
      "1": {
        "start": { "line": 4, "column": 2 },
        "end": { "line": 8, "column": null }
      }
    },
    "fnMap": {
      "0": {
        "name": "(anonymous_0)",
        "decl": {
          "start": { "line": 3, "column": 17 },
          "end": { "line": 3, "column": 36 }
        },
        "loc": {
          "start": { "line": 3, "column": 36 },
          "end": { "line": 10, "column": null }
        }
      }
    },
    "branchMap": {},
    "s": { "0": 0, "1": 0 },
    "f": { "0": 0 },
    "b": {}
  },
  "C:/Frontend/REACT-2025Q1/react-2025q1/src/utils/utils.tsx": {
    "path": "C:/Frontend/REACT-2025Q1/react-2025q1/src/utils/utils.tsx",
    "statementMap": {
      "0": {
        "start": { "line": 1, "column": 27 },
        "end": { "line": 4, "column": null }
      },
      "1": {
        "start": { "line": 2, "column": 16 },
        "end": { "line": 2, "column": null }
      },
      "2": {
        "start": { "line": 3, "column": 2 },
        "end": { "line": 3, "column": null }
      }
    },
    "fnMap": {
      "0": {
        "name": "(anonymous_0)",
        "decl": {
          "start": { "line": 1, "column": 27 },
          "end": { "line": 1, "column": 28 }
        },
        "loc": {
          "start": { "line": 1, "column": 44 },
          "end": { "line": 4, "column": null }
        }
      }
    },
    "branchMap": {},
    "s": { "0": 0, "1": 0, "2": 0 },
    "f": { "0": 0 },
    "b": {}
  }
}
